1551315006469	geckodriver	INFO	geckodriver 0.21.0
1551315006477	geckodriver	INFO	Listening on 127.0.0.1:35582
1551315009477	mozrunner::runner	INFO	Running command: "C:\\Program Files (x86)\\Mozilla Firefox\\firefox.exe" "-marionette" "-headless" "-foreground" "-no-remote" "-profile" "C:\\Users\\ADMINI~1\\AppData\\Local\\Temp\\rust_mozprofile.YWwSp0dAlJbj"
*** You are running in headless mode.
1551315010020	Marionette	DEBUG	Received observer notification profile-after-change
1551315010183	Marionette	DEBUG	Received observer notification toplevel-window-ready
1551315010202	Marionette	DEBUG	Received observer notification command-line-startup
1551315010203	Marionette	DEBUG	Received observer notification nsPref:changed
1551315010203	Marionette	DEBUG	Init aborted (running=false, enabled=true, finalUIStartup=false)
1551315010239	Marionette	DEBUG	Received observer notification toplevel-window-ready
1551315012197	Marionette	DEBUG	Received observer notification sessionstore-windows-restored
1551315012197	Marionette	DEBUG	Waiting for delayed startup...
1551315012263	Marionette	DEBUG	Setting recommended pref app.update.disabledForTesting to true
1551315012263	Marionette	DEBUG	Setting recommended pref security.turn_off_all_security_so_that_viruses_can_take_over_this_computer to true
1551315012263	Marionette	DEBUG	Setting recommended pref apz.content_response_timeout to 60000
1551315012264	Marionette	DEBUG	Setting recommended pref browser.download.panel.shown to true
1551315012264	Marionette	DEBUG	Setting recommended pref browser.pagethumbnails.capturing_disabled to true
1551315012264	Marionette	DEBUG	Setting recommended pref browser.search.update to false
1551315012264	Marionette	DEBUG	Setting recommended pref toolkit.cosmeticAnimations.enabled to false
1551315012265	Marionette	DEBUG	Setting recommended pref browser.tabs.disableBackgroundZombification to false
1551315012265	Marionette	DEBUG	Setting recommended pref browser.tabs.warnOnCloseOtherTabs to false
1551315012265	Marionette	DEBUG	Setting recommended pref browser.tabs.warnOnOpen to false
1551315012265	Marionette	DEBUG	Setting recommended pref browser.usedOnWindows10.introURL to 
1551315012265	Marionette	DEBUG	Setting recommended pref browser.urlbar.suggest.searches to false
1551315012265	Marionette	DEBUG	Setting recommended pref datareporting.policy.dataSubmissionPolicyAccepted to false
1551315012265	Marionette	DEBUG	Setting recommended pref dom.disable_beforeunload to true
1551315012265	Marionette	DEBUG	Setting recommended pref dom.disable_open_during_load to false
1551315012265	Marionette	DEBUG	Setting recommended pref dom.file.createInChild to true
1551315012266	Marionette	DEBUG	Setting recommended pref dom.max_chrome_script_run_time to 0
1551315012266	Marionette	DEBUG	Setting recommended pref dom.max_script_run_time to 0
1551315012266	Marionette	DEBUG	Setting recommended pref extensions.getAddons.cache.enabled to false
1551315012266	Marionette	DEBUG	Setting recommended pref extensions.webservice.discoverURL to http://%(server)s/dummy/discoveryURL
1551315012266	Marionette	DEBUG	Setting recommended pref network.http.prompt-temp-redirect to false
1551315012266	Marionette	DEBUG	Setting recommended pref network.http.speculative-parallel-limit to 0
1551315012266	Marionette	DEBUG	Setting recommended pref security.fileuri.strict_origin_policy to false
1551315012266	Marionette	DEBUG	Setting recommended pref security.notification_enable_delay to 0
1551315012266	Marionette	DEBUG	Setting recommended pref signon.autofillForms to false
1551315012266	Marionette	DEBUG	Setting recommended pref signon.rememberSignons to false
1551315012303	Marionette	INFO	Listening on port 35590
1551315012303	Marionette	DEBUG	Remote service is active
1551315012692	Marionette	DEBUG	Accepted connection 0 from 127.0.0.1:35601
1551315012693	Marionette	TRACE	0 -> [0,1,"WebDriver:NewSession",{"acceptInsecureCerts":true,"browserName":"firefox","capabilities":{"desiredCapabilities":{"acceptInsecureCerts":true,"browserName":"firefox"}}}]
1551315012693	Marionette	WARN	TLS certificate errors will be ignored for this session
1551315012733	Marionette	DEBUG	[6442450945] Frame script loaded
1551315012740	Marionette	DEBUG	[6442450945] Frame script registered
1551315012744	Marionette	TRACE	0 <- [1,1,null,{"sessionId":"562774e0-e24e-47c0-bba8-a97ca7990298","capabilities":{"browserName":"firefox","browserVersion":"63.0. ... alse,"moz:webdriverClick":true,"capabilities":{"desiredCapabilities":{"acceptInsecureCerts":true,"browserName":"firefox"}}}}]
1551315012747	Marionette	TRACE	0 -> [0,2,"WebDriver:Navigate",{"url":"https://sso.kedacom.com:8443/CasServer/login"}]
1551315012756	Marionette	DEBUG	[6442450945] Received DOM event beforeunload for about:blank
1551315012991	Marionette	DEBUG	[6442450945] Received DOM event pagehide for about:blank
1551315013979	Marionette	DEBUG	[6442450945] Received DOM event DOMContentLoaded for https://sso.kedacom.com:8443/CasServer/login
1551315014145	Marionette	DEBUG	[6442450945] Received DOM event pageshow for https://sso.kedacom.com:8443/CasServer/login
1551315014146	Marionette	TRACE	0 <- [1,2,null,{"value":null}]
1551315014151	Marionette	TRACE	0 -> [0,3,"WebDriver:FindElement",{"using":"css selector","value":"[id=\"ui_username\"]"}]
1551315014153	Marionette	TRACE	0 <- [1,3,null,{"value":{"element-6066-11e4-a52e-4f735466cecf":"beed6fa9-20a1-46d5-891c-6de66d95a566"}}]
1551315014155	Marionette	TRACE	0 -> [0,4,"WebDriver:ElementSendKeys",{"id":"beed6fa9-20a1-46d5-891c-6de66d95a566","text":"chen_qi@kedacom.com","value":["c","h","e","n","_","q","i","@","k","e","d","a","c","o","m",".","c","o","m"]}]
1551315014191	Marionette	TRACE	0 <- [1,4,null,{"value":null}]
1551315014193	Marionette	TRACE	0 -> [0,5,"WebDriver:FindElement",{"using":"css selector","value":"[id=\"ui_password\"]"}]
1551315014203	Marionette	TRACE	0 <- [1,5,null,{"value":{"element-6066-11e4-a52e-4f735466cecf":"ede12637-39f6-4ea7-bb25-ad92d6fba504"}}]
1551315014205	Marionette	TRACE	0 -> [0,6,"WebDriver:ElementSendKeys",{"id":"ede12637-39f6-4ea7-bb25-ad92d6fba504","text":"123456zxcv","value":["1","2","3","4","5","6","z","x","c","v"]}]
1551315014216	Marionette	TRACE	0 <- [1,6,null,{"value":null}]
1551315014219	Marionette	TRACE	0 -> [0,7,"WebDriver:FindElement",{"using":"css selector","value":".btn"}]
1551315014220	Marionette	TRACE	0 <- [1,7,null,{"value":{"element-6066-11e4-a52e-4f735466cecf":"e385c5e1-63f0-4713-9c76-d7597dea144e"}}]
1551315014222	Marionette	TRACE	0 -> [0,8,"WebDriver:ElementClick",{"id":"e385c5e1-63f0-4713-9c76-d7597dea144e"}]
1551315014232	Marionette	DEBUG	[6442450945] Received DOM event beforeunload for https://sso.kedacom.com:8443/CasServer/login
1551315015295	Marionette	DEBUG	[6442450945] Received DOM event pagehide for https://sso.kedacom.com:8443/CasServer/login
1551315015295	Marionette	DEBUG	[6442450945] Received DOM event unload for https://sso.kedacom.com:8443/CasServer/login
JavaScript warning: https://oa.kedacom.com/portal/js/common-min.js?v=20180810, line 329: unreachable code after return statement
JavaScript warning: https://oa.kedacom.com/portal/js/common-min.js?v=20180810, line 342: unreachable code after return statement
1551315016354	Marionette	DEBUG	[6442450945] Received DOM event DOMContentLoaded for https://oa.kedacom.com/portal/main.do?r=-8861712319561751307
1551315019382	Marionette	DEBUG	[6442450945] Received DOM event pageshow for https://oa.kedacom.com/portal/main.do?r=-8861712319561751307
1551315019382	Marionette	TRACE	0 <- [1,8,null,{"value":null}]
1551315019387	Marionette	TRACE	0 -> [0,9,"WebDriver:Navigate",{"url":"https://oa.kedacom.com/report/platform/console/main.do"}]
1551315019397	Marionette	DEBUG	[6442450945] Received DOM event beforeunload for https://oa.kedacom.com/portal/main.do?r=-8861712319561751307
1551315019573	Marionette	DEBUG	[6442450945] Received DOM event pagehide for https://oa.kedacom.com/portal/main.do?r=-8861712319561751307
1551315019574	Marionette	DEBUG	[6442450945] Received DOM event unload for https://oa.kedacom.com/portal/main.do?r=-8861712319561751307
1551315020217	Marionette	DEBUG	[6442450945] Received DOM event DOMContentLoaded for https://oa.kedacom.com/report/platform/console/main.do
1551315020261	Marionette	DEBUG	[6442450945] Received observer notification outer-window-destroyed
1551315020261	Marionette	DEBUG	[6442450945] Received observer notification outer-window-destroyed
1551315020477	Marionette	DEBUG	[6442450945] Received DOM event pageshow for https://oa.kedacom.com/report/platform/console/main.do
1551315020479	Marionette	TRACE	0 <- [1,9,null,{"value":null}]
1551315020484	Marionette	TRACE	0 -> [0,10,"WebDriver:FindElements",{"using":"css selector","value":".l-accordion-header-inner"}]
1551315020491	Marionette	TRACE	0 <- [1,10,null,[{"element-6066-11e4-a52e-4f735466cecf":"ef1e1d9a-46e8-4ecb-ab13-ebb0e604ab4d"},{"element-6066-11e4-a52e-4f735466cecf":"ef3a62a8-4751-4c21-a7cc-b9c5d25a0d0b"}]]
1551315020493	Marionette	TRACE	0 -> [0,11,"WebDriver:ElementClick",{"id":"ef3a62a8-4751-4c21-a7cc-b9c5d25a0d0b"}]
1551315020706	Marionette	DEBUG	[6442450945] Canceled page load listener because no navigation has been detected
1551315020707	Marionette	TRACE	0 <- [1,11,null,{"value":null}]
1551315020708	Marionette	TRACE	0 -> [0,12,"WebDriver:FindElements",{"using":"css selector","value":"span"}]
1551315020712	Marionette	TRACE	0 <- [1,12,null,[{"element-6066-11e4-a52e-4f735466cecf":"5c1fc771-6f55-411d-99d7-abff7bd53314"},{"element-6066-11e4-a52e-4f735466c ... ecf":"d2ac1636-3e89-42a0-b997-68391dc1588d"},{"element-6066-11e4-a52e-4f735466cecf":"b86c9314-4b70-4627-b827-054cd1ee0f3f"}]]
1551315020714	Marionette	TRACE	0 -> [0,13,"WebDriver:ElementClick",{"id":"b86c9314-4b70-4627-b827-054cd1ee0f3f"}]
1551315020926	Marionette	DEBUG	[6442450945] Canceled page load listener because no navigation has been detected
1551315020927	Marionette	TRACE	0 <- [1,13,null,{"value":null}]
1551315023930	Marionette	TRACE	0 -> [0,14,"WebDriver:FindElement",{"using":"css selector","value":"[id=\"kdUIFrameWindow\"]"}]
1551315023932	Marionette	TRACE	0 <- [1,14,null,{"value":{"element-6066-11e4-a52e-4f735466cecf":"f24f01c5-16f3-42a4-a1cc-2e9bf9e6ffbd"}}]
1551315023934	Marionette	TRACE	0 -> [0,15,"WebDriver:SwitchToFrame",{"element":"f24f01c5-16f3-42a4-a1cc-2e9bf9e6ffbd"}]
1551315023938	Marionette	TRACE	0 <- [1,15,null,{"value":null}]
1551315023939	Marionette	TRACE	0 -> [0,16,"WebDriver:GetPageSource",{}]
1551315023943	Marionette	TRACE	0 <- [1,16,null,{"value":"<html xmlns=\"http://www.w3.org/1999/xhtml\"><head>\n    <title>02report_sum</title>\n    <meta http-equ ... n:absolute;left:-1000px;top:-1000px;\"><textarea id=\"cpTextArea\" onkeyup=\"this.blur()\"></textarea></div></body></html>"}]
console.error: BroadcastService: 
  receivedBroadcastMessage: handler for
  remote-settings/monitor_changes
  threw error:
  Message: Error: Polling for changes failed: NetworkError when attempting to fetch resource..
  Stack:
    remoteSettingsFunction/remoteSettings.pollChanges@resource://services-settings/remote-settings.js:721:13

1551315051751	Marionette	DEBUG	Closed connection 0
A content process crashed and MOZ_CRASHREPORTER_SHUTDOWN is set, shutting down

###!!! [Parent][RunMessage] Error: Channel error: cannot send/recv


###!!! [Parent][RunMessage] Error: Channel error: cannot send/recv


###!!! [Parent][RunMessage] Error: Channel error: cannot send/recv


###!!! [Parent][RunMessage] Error: Channel error: cannot send/recv


###!!! [Parent][RunMessage] Error: Channel error: cannot send/recv


###!!! [Parent][RunMessage] Error: Channel error: cannot send/recv


###!!! [Parent][RunMessage] Error: Channel error: cannot send/recv


###!!! [Parent][MessageChannel] Error: (msgtype=0x190069,name=PBrowser::Msg_StopIMEStateManagement) Channel error: cannot send/recv


###!!! [Parent][MessageChannel] Error: (msgtype=0x190067,name=PBrowser::Msg_ParentActivated) Channel error: cannot send/recv

ived observer notification outer-window-destroyed
1551314483550	Marionette	DEBUG	[6442450945] Received observer notification outer-window-destroyed
1551314483783	Marionette	DEBUG	[6442450945] Received DOM event pageshow for https://oa.kedacom.com/report/platform/console/main.do
1551314483784	Marionette	TRACE	0 <- [1,19,null,{"value":null}]
1551314483790	Marionette	TRACE	0 -> [0,20,"WebDriver:FindElements",{"using":"css selector","value":".l-accordion-header-inner"}]
1551314483798	Marionette	TRACE	0 <- [1,20,null,[{"element-6066-11e4-a52e-4f735466cecf":"8c9aae1c-c9c7-4b26-8c2d-978b9461d109"},{"element-6066-11e4-a52e-4f735466cecf":"61c1b63b-d08a-4bf6-9471-21f23d7cb63f"}]]
1551314483803	Marionette	TRACE	0 -> [0,21,"WebDriver:ElementClick",{"id":"61c1b63b-d08a-4bf6-9471-21f23d7cb63f"}]
1551314484016	Marionette	DEBUG	[6442450945] Canceled page load listener because no navigation has been detected
1551314484017	Marionette	TRACE	0 <- [1,21,null,{"value":null}]
1551314484019	Marionette	TRACE	0 -> [0,22,"WebDriver:FindElements",{"using":"css selector","value":"span"}]
1551314484033	Marionette	TRACE	0 <- [1,22,null,[{"element-6066-11e4-a52e-4f735466cecf":"58d0d740-cc60-4570-8e6e-e67d5ea6ab33"},{"element-6066-11e4-a52e-4f735466c ... ecf":"7af0052a-17a4-489f-83b6-10f82bafef9b"},{"element-6066-11e4-a52e-4f735466cecf":"69e8fd80-1014-4098-924b-b41e68ecac4b"}]]
1551314484035	Marionette	TRACE	0 -> [0,23,"WebDriver:ElementClick",{"id":"6dd4ce69-c147-4a7b-9fba-afabad9cb234"}]
1551314484252	Marionette	DEBUG	[6442450945] Canceled page load listener because no navigation has been detected
1551314484252	Marionette	TRACE	0 <- [1,23,null,{"value":null}]
1551314487253	Marionette	TRACE	0 -> [0,24,"WebDriver:FindElement",{"using":"css selector","value":"[id=\"kdUIFrameWindow\"]"}]
1551314487256	Marionette	TRACE	0 <- [1,24,null,{"value":{"element-6066-11e4-a52e-4f735466cecf":"1c86120a-6015-46ad-8c9d-66be41b81fa6"}}]
1551314487257	Marionette	TRACE	0 -> [0,25,"WebDriver:SwitchToFrame",{"element":"1c86120a-6015-46ad-8c9d-66be41b81fa6"}]
1551314487259	Marionette	TRACE	0 <- [1,25,null,{"value":null}]
1551314487262	Marionette	TRACE	0 -> [0,26,"WebDriver:GetPageSource",{}]
1551314487266	Marionette	TRACE	0 <- [1,26,null,{"value":"<html xmlns=\"http://www.w3.org/1999/xhtml\"><head>\n    <title>03report_sumForHour</title>\n    <meta h ... \"display: none;\"></div><div style=\"height: 20px; display: none;\" class=\"fr-checkbox-list\"></div></div></body></html>"}]
console.error: BroadcastService: 
  receivedBroadcastMessage: handler for
  remote-settings/monitor_changes
  threw error:
  Message: Error: Polling for changes failed: NetworkError when attempting to fetch resource..
  Stack:
    remoteSettingsFunction/remoteSettings.pollChanges@resource://services-settings/remote-settings.js:721:13

1551314491902	Marionette	TRACE	0 -> [0,27,"Marionette:Quit",{"flags":["eForceQuit"]}]
1551314491902	Marionette	INFO	Stopped listening on port 35375
1551314492024	Marionette	TRACE	0 <- [1,27,null,{"cause":"shutdown"}]
1551314492045	Marionette	TRACE	0 -> [0,28,"Marionette:Quit",{"flags":["eForceQuit"]}]
1551314492045	Marionette	TRACE	0 <- [1,28,{"error":"invalid session id","message":"Tried to run command without establishing a connection","stacktrace":"WebDrive ... et@chrome://marionette/content/server.js:245:8\n_onJSONObjectReady/<@chrome://marionette/content/transport.js:490:9\n"},null]
1551314492055	Marionette	DEBUG	Closed connection 0
[Parent 4576, Gecko_IOThread] WARNING: pipe error: 109: file z:/build/build/src/ipc/chromium/src/chrome/common/ipc_channel_win.cc, line 346
[Child 5976, Chrome_ChildThread] WARNING: pipe error: 109: file z:/build/build/src/ipc/chromium/src/chrome/common/ipc_channel_win.cc, line 346
[Parent 4576, Gecko_IOThread] WARNING: pipe error: 109: file z:/build/build/src/ipc/chromium/src/chrome/common/ipc_channel_win.cc, line 346
[Child 5884, Chrome_ChildThread] WARNING: pipe error: 109: file z:/build/build/src/ipc/chromium/src/chrome/common/ipc_channel_win.cc, line 346
[Child 5884, Chrome_ChildThread] WARNING: pipe error: 109: file z:/build/build/src/ipc/chromium/src/chrome/common/ipc_channel_win.cc, line 346
[Parent 4576, Gecko_IOThread] WARNING: file z:/build/build/src/ipc/chromium/src/base/process_util_win.cc, line 188
1551314492535	addons.productaddons	WARN	Failed downloading via XHR, status: 0, reason: error
1551314492891	Marionette	DEBUG	Received observer notification xpcom-will-shutdown
1551314492891	Marionette	DEBUG	Resetting recommended pref app.update.disabledForTesting
1551314492891	Marionette	DEBUG	Resetting recommended pref security.turn_off_all_security_so_that_viruses_can_take_over_this_computer
1551314492891	Marionette	DEBUG	Resetting recommended pref apz.content_response_timeout
1551314492891	Marionette	DEBUG	Resetting recommended pref browser.download.panel.shown
1551314492891	Marionette	DEBUG	Resetting recommended pref browser.pagethumbnails.capturing_disabled
1551314492891	Marionette	DEBUG	Resetting recommended pref browser.search.update
1551314492891	Marionette	DEBUG	Resetting recommended pref toolkit.cosmeticAnimations.enabled
1551314492892	Marionette	DEBUG	Resetting recommended pref browser.tabs.disableBackgroundZombification
1551314492892	Marionette	DEBUG	Resetting recommended pref browser.tabs.warnOnCloseOtherTabs
1551314492892	Marionette	DEBUG	Resetting recommended pref browser.tabs.warnOnOpen
1551314492892	Marionette	DEBUG	Resetting recommended pref browser.usedOnWindows10.introURL
1551314492892	Marionette	DEBUG	Resetting recommended pref browser.urlbar.suggest.searches
1551314492893	Marionette	DEBUG	Resetting recommended pref datareporting.policy.dataSubmissionPolicyAccepted
1551314492893	Marionette	DEBUG	Resetting recommended pref dom.disable_beforeunload
1551314492893	Marionette	DEBUG	Resetting recommended pref dom.disable_open_during_load
1551314492893	Marionette	DEBUG	Resetting recommended pref dom.file.createInChild
1551314492893	Marionette	DEBUG	Resetting recommended pref dom.max_chrome_script_run_time
1551314492893	Marionette	DEBUG	Resetting recommended pref dom.max_script_run_time
1551314492893	Marionette	DEBUG	Resetting recommended pref extensions.getAddons.cache.enabled
1551314492893	Marionette	DEBUG	Resetting recommended pref extensions.webservice.discoverURL
1551314492893	Marionette	DEBUG	Resetting recommended pref network.http.prompt-temp-redirect
1551314492893	Marionette	DEBUG	Resetting recommended pref network.http.speculative-parallel-limit
1551314492894	Marionette	DEBUG	Resetting recommended pref security.fileuri.strict_origin_policy
1551314492894	Marionette	DEBUG	Resetting recommended pref security.notification_enable_delay
1551314492894	Marionette	DEBUG	Resetting recommended pref signon.autofillForms
1551314492894	Marionette	DEBUG	Resetting recommended pref signon.rememberSignons
1551314492894	Marionette	DEBUG	Remote service is inactive
line 0: uncaught exception: null
JavaScript error: , line 0: uncaught exception: null
JavaScript error: , line 0: uncaught exception: null
JavaScript error: , line 0: uncaught exception: null
JavaScript error: , line 0: uncaught exception: null
JavaScript error: , line 0: uncaught exception: null
JavaScript error: , line 0: uncaught exception: null
JavaScript error: , line 0: uncaught exception: null
JavaScript error: , line 0: uncaught exception: null
JavaScript error: , line 0: uncaught exception: null
JavaScript error: , line 0: uncaught exception: null
JavaScript error: , line 0: uncaught exception: null
JavaScript error: , line 0: uncaught exception: null
JavaScript error: , line 0: uncaught exception: null
JavaScript error: , line 0: uncaught exception: null
JavaScript error: , line 0: uncaught exception: null
JavaScript error: , line 0: uncaught exception: null
JavaScript error: , line 0: uncaught exception: null
JavaScript error: , line 0: uncaught exception: null
JavaScript error: , line 0: uncaught exception: null
JavaScript error: , line 0: uncaught exception: null
JavaScript error: , line 0: uncaught exception: null
JavaScript error: , line 0: uncaught exception: null
JavaScript error: , line 0: uncaught exception: null
JavaScript error: , line 0: uncaught exception: null
JavaScript error: , line 0: uncaught exception: null
JavaScript error: , line 0: uncaught exception: null
JavaScript error: , line 0: uncaught exception: null
JavaScript error: , line 0: uncaught exception: null
JavaScript error: , line 0: uncaught exception: null
JavaScript error: , line 0: uncaught exception: null
JavaScript error: , line 0: uncaught exception: null
JavaScript error: , line 0: uncaught exception: null
JavaScript error: , line 0: uncaught exception: null
JavaScript error: , line 0: uncaught exception: null
JavaScript error: , line 0: uncaught exception: null
JavaScript error: , line 0: uncaught exception: null
JavaScript error: , line 0: uncaught exception: null
JavaScript error: , line 0: uncaught exception: null
JavaScript error: , line 0: uncaught exception: null
JavaScript error: , line 0: uncaught exception: null
JavaScript error: , line 0: uncaught exception: null
JavaScript error: , line 0: uncaught exception: null
JavaScript error: , line 0: uncaught exception: null
JavaScript error: , line 0: uncaught exception: null
JavaScript error: , line 0: uncaught exception: null
JavaScript error: , line 0: uncaught exception: null
JavaScript error: , line 0: uncaught exception: null
JavaScript error: , line 0: uncaught exception: null
JavaScript error: , line 0: uncaught exception: null
JavaScript error: , line 0: uncaught exception: null
JavaScript error: , line 0: uncaught exception: null
JavaScript error: , line 0: uncaught exception: null
JavaScript error: , line 0: uncaught exception: null
JavaScript error: , line 0: uncaught exception: null
JavaScript error: , line 0: uncaught exception: null
JavaScript error: , line 0: uncaught exception: null
JavaScript error: , line 0: uncaught exception: null
JavaScript error: , line 0: uncaught exception: null
JavaScript error: , line 0: uncaught exception: null
JavaScript error: , line 0: uncaught exception: null
JavaScript error: , line 0: uncaught exception: null
JavaScript error: , line 0: uncaught exception: null
JavaScript error: , line 0: uncaught exception: null
JavaScript error: , line 0: uncaught exception: null
JavaScript error: , line 0: uncaught exception: null
JavaScript error: , line 0: uncaught exception: null
JavaScript error: , line 0: uncaught exception: null
JavaScript error: , line 0: uncaught exception: null
JavaScript error: , line 0: uncaught exception: null
JavaScript error: , line 0: uncaught exception: null
JavaScript error: , line 0: uncaught exception: null
JavaScript error: , line 0: uncaught exception: null
JavaScript error: , line 0: uncaught exception: null
JavaScript error: , line 0: uncaught exception: null
JavaScript error: , line 0: uncaught exception: null
JavaScript error: , line 0: uncaught exception: null
JavaScript error: , line 0: uncaught exception: null
JavaScript error: , line 0: uncaught exception: null
JavaScript error: , line 0: uncaught exception: null
JavaScript error: , line 0: uncaught exception: null
JavaScript error: , line 0: uncaught exception: null
JavaScript error: , line 0: uncaught exception: null
JavaScript error: , line 0: uncaught exception: null
JavaScript error: , line 0: uncaught exception: null
JavaScript error: , line 0: uncaught exception: null
JavaScript error: , line 0: uncaught exception: null
JavaScript error: , line 0: uncaught exception: null
JavaScript error: , line 0: uncaught exception: null
JavaScript error: , line 0: uncaught exception: null
JavaScript error: , line 0: uncaught exception: null
JavaScript error: , line 0: uncaught exception: null
JavaScript error: , line 0: uncaught exception: null
JavaScript error: , line 0: uncaught exception: null
JavaScript error: , line 0: uncaught exception: null
JavaScript error: , line 0: uncaught exception: null
JavaScript error: , line 0: uncaught exception: null
JavaScript error: , line 0: uncaught exception: null
JavaScript error: , line 0: uncaught exception: null
JavaScript error: , line 0: uncaught exception: null
JavaScript error: , line 0: uncaught exception: null
JavaScript error: , line 0: uncaught exception: null
JavaScript error: , line 0: uncaught exception: null
JavaScript error: , line 0: uncaught exception: null
JavaScript error: , line 0: uncaught exception: null
JavaScript error: , line 0: uncaught exception: null
JavaScript error: , line 0: uncaught exception: null
JavaScript error: , line 0: uncaught exception: null
JavaScript error: , line 0: uncaught exception: null
JavaScript error: , line 0: uncaught exception: null
JavaScript error: , line 0: uncaught exception: null
JavaScript error: , line 0: uncaught exception: null
JavaScript error: , line 0: uncaught exception: null
JavaScript error: , line 0: uncaught exception: null
JavaScript error: , line 0: uncaught exception: null
JavaScript error: , line 0: uncaught exception: null
JavaScript error: , line 0: uncaught exception: null
JavaScript error: , line 0: uncaught exception: null
JavaScript error: , line 0: uncaught exception: null
JavaScript error: , line 0: uncaught exception: null
JavaScript error: , line 0: uncaught exception: null
console.error: PushService: 
  Failed to drop expired registrations on idle
  UnknownError
JavaScript error: , line 0: uncaught exception: null
JavaScript error: , line 0: uncaught exception: null
JavaScript error: , line 0: uncaught exception: null
JavaScript error: , line 0: uncaught exception: null
JavaScript error: , line 0: uncaught exception: null
JavaScript error: , line 0: uncaught exception: null
JavaScript error: , line 0: uncaught exception: null
JavaScript error: , line 0: uncaught exception: null
JavaScript error: , line 0: uncaught exception: null
JavaScript error: , line 0: uncaught exception: null
JavaScript error: , line 0: uncaught exception: null
JavaScript error: , line 0: uncaught exception: null
JavaScript error: , line 0: uncaught exception: null
JavaScript error: , line 0: uncaught exception: null
JavaScript error: , line 0: uncaught exception: null
JavaScript error: , line 0: uncaught exception: null
JavaScript error: , line 0: uncaught exception: null
JavaScript error: , line 0: uncaught exception: null
JavaScript error: , line 0: uncaught exception: null
JavaScript error: , line 0: uncaught exception: null
JavaScript error: , line 0: uncaught exception: null
JavaScript error: , line 0: uncaught exception: null
JavaScript error: , line 0: uncaught exception: null
JavaScript error: , line 0: uncaught exception: null
JavaScript error: , line 0: uncaught exception: null
JavaScript error: , line 0: uncaught exception: null
JavaScript error: , line 0: uncaught exception: null
JavaScript error: , line 0: uncaught exception: null
JavaScript error: , line 0: uncaught exception: null
JavaScript error: , line 0: uncaught exception: null
JavaScript error: , line 0: uncaught exception: null
JavaScript error: , line 0: uncaught exception: null
JavaScript error: , line 0: uncaught exception: null
JavaScript error: , line 0: uncaught exception: null
JavaScript error: , line 0: uncaught exception: null
JavaScript error: , line 0: uncaught exception: null
JavaScript error: , line 0: uncaught exception: null
JavaScript error: , line 0: uncaught exception: null
JavaScript error: , line 0: uncaught exception: null
JavaScript error: , line 0: uncaught exception: null
JavaScript error: , line 0: uncaught exception: null
JavaScript error: , line 0: uncaught exception: null
JavaScript error: , line 0: uncaught exception: null
JavaScript error: , line 0: uncaught exception: null
JavaScript error: , line 0: uncaught exception: null
JavaScript error: , line 0: uncaught exception: null
JavaScript error: , line 0: uncaught exception: null
JavaScript error: , line 0: uncaught exception: null
JavaScript error: , line 0: uncaught exception: null
JavaScript error: , line 0: uncaught exception: null
JavaScript error: , line 0: uncaught exception: null
JavaScript error: , line 0: uncaught exception: null
JavaScript error: , line 0: uncaught exception: null
JavaScript error: , line 0: uncaught exception: null
JavaScript error: , line 0: uncaught exception: null
JavaScript error: , line 0: uncaught exception: null
JavaScript error: , line 0: uncaught exception: null
JavaScript error: , line 0: uncaught exception: null
JavaScript error: , line 0: uncaught exception: null
JavaScript error: , line 0: uncaught exception: null
JavaScript error: , line 0: uncaught exception: null
JavaScript error: , line 0: uncaught exception: null
JavaScript error: , line 0: uncaught exception: null
JavaScript error: , line 0: uncaught exception: null
JavaScript error: , line 0: uncaught exception: null
JavaScript error: , line 0: uncaught exception: null
JavaScript error: , line 0: uncaught exception: null
JavaScript error: , line 0: uncaught exception: null
JavaScript error: , line 0: uncaught exception: null
JavaScript error: , line 0: uncaught exception: null
JavaScript error: , line 0: uncaught exception: null
JavaScript error: , line 0: uncaught exception: null
JavaScript error: , line 0: uncaught exception: null
JavaScript error: , line 0: uncaught exception: null
JavaScript error: , line 0: uncaught exception: null
JavaScript error: , line 0: uncaught exception: null
JavaScript error: , line 0: uncaught exception: null
JavaScript error: , line 0: uncaught exception: null
JavaScript error: , line 0: uncaught exception: null
JavaScript error: , line 0: uncaught exception: null
JavaScript error: , line 0: uncaught exception: null
JavaScript error: , line 0: uncaught exception: null
JavaScript error: , line 0: uncaught exception: null
JavaScript error: , line 0: uncaught exception: null
JavaScript error: , line 0: uncaught exception: null
JavaScript error: , line 0: uncaught exception: null
JavaScript error: , line 0: uncaught exception: null
JavaScript error: , line 0: uncaught exception: null
JavaScript error: , line 0: uncaught exception: null
JavaScript error: , line 0: uncaught exception: null
JavaScript error: , line 0: uncaught exception: null
JavaScript error: , line 0: uncaught exception: null
JavaScript error: , line 0: uncaught exception: null
JavaScript error: , line 0: uncaught exception: null
JavaScript error: , line 0: uncaught exception: null
JavaScript error: , line 0: uncaught exception: null
JavaScript error: , line 0: uncaught exception: null
JavaScript error: , line 0: uncaught exception: null
JavaScript error: , line 0: uncaught exception: null
JavaScript error: , line 0: uncaught exception: null
JavaScript error: , line 0: uncaught exception: null
JavaScript error: , line 0: uncaught exception: null
JavaScript error: , line 0: uncaught exception: null
JavaScript error: , line 0: uncaught exception: null
JavaScript error: , line 0: uncaught exception: null
JavaScript error: , line 0: uncaught exception: null
JavaScript error: , line 0: uncaught exception: null
JavaScript error: , line 0: uncaught exception: null
JavaScript error: , line 0: uncaught exception: null
JavaScript error: , line 0: uncaught exception: null
JavaScript error: , line 0: uncaught exception: null
JavaScript error: , line 0: uncaught exception: null
JavaScript error: , line 0: uncaught exception: null
JavaScript error: , line 0: uncaught exception: null
JavaScript error: , line 0: uncaught exception: null
JavaScript error: , line 0: uncaught exception: null
JavaScript error: , line 0: uncaught exception: null
JavaScript error: , line 0: uncaught exception: null
JavaScript error: , line 0: uncaught exception: null
JavaScript error: , line 0: uncaught exception: null
JavaScript error: , line 0: uncaught exception: null
JavaScript error: , line 0: uncaught exception: null
JavaScript error: , line 0: uncaught exception: null
JavaScript error: , line 0: uncaught exception: null
JavaScript error: , line 0: uncaught exception: null
JavaScript error: , line 0: uncaught exception: null
JavaScript error: , line 0: uncaught exception: null
JavaScript error: , line 0: uncaught exception: null
JavaScript error: , line 0: uncaught exception: null
JavaScript error: , line 0: uncaught exception: null
JavaScript error: , line 0: uncaught exception: null
JavaScript error: , line 0: uncaught exception: null
JavaScript error: , line 0: uncaught exception: null
JavaScript error: , line 0: uncaught exception: null
JavaScript error: , line 0: uncaught exception: null
JavaScript error: , line 0: uncaught exception: null
JavaScript error: , line 0: uncaught exception: null
JavaScript error: , line 0: uncaught exception: null
JavaScript error: , line 0: uncaught exception: null
JavaScript error: , line 0: uncaught exception: null
JavaScript error: , line 0: uncaught exception: null
JavaScript error: , line 0: uncaught exception: null
JavaScript error: , line 0: uncaught exception: null
JavaScript error: , line 0: uncaught exception: null
JavaScript error: , line 0: uncaught exception: null
JavaScript error: , line 0: uncaught exception: null
JavaScript error: , line 0: uncaught exception: null
JavaScript error: , line 0: uncaught exception: null
JavaScript error: , line 0: uncaught exception: null
JavaScript error: , line 0: uncaught exception: null
JavaScript error: , line 0: uncaught exception: null
JavaScript error: , line 0: uncaught exception: null
JavaScript error: , line 0: uncaught exception: null
JavaScript error: , line 0: uncaught exception: null
JavaScript error: , line 0: uncaught exception: null
JavaScript error: , line 0: uncaught exception: null
JavaScript error: , line 0: uncaught exception: null
JavaScript error: , line 0: uncaught exception: null
JavaScript error: , line 0: uncaught exception: null
JavaScript error: , line 0: uncaught exception: null
JavaScript error: , line 0: uncaught exception: null
JavaScript error: , line 0: uncaught exception: null
JavaScript error: , line 0: uncaught exception: null
JavaScript error: , line 0: uncaught exception: null
JavaScript error: , line 0: uncaught exception: null
JavaScript error: , line 0: uncaught exception: null
JavaScript error: , line 0: uncaught exception: null
JavaScript error: , line 0: uncaught exception: null
JavaScript error: , line 0: uncaught exception: null
JavaScript error: , line 0: uncaught exception: null
JavaScript error: , line 0: uncaught exception: null
JavaScript error: , line 0: uncaught exception: null
JavaScript error: , line 0: uncaught exception: null
JavaScript error: , line 0: uncaught exception: null
JavaScript error: , line 0: uncaught exception: null
JavaScript error: , line 0: uncaught exception: null
JavaScript error: , line 0: uncaught exception: null
JavaScript error: , line 0: uncaught exception: null
JavaScript error: , line 0: uncaught exception: null
JavaScript error: , line 0: uncaught exception: null
JavaScript error: , line 0: uncaught exception: null
JavaScript error: , line 0: uncaught exception: null
JavaScript error: , line 0: uncaught exception: null
JavaScript error: , line 0: uncaught exception: null
JavaScript error: , line 0: uncaught exception: null
JavaScript error: , line 0: uncaught exception: null
